<?xml version="1.0" encoding="UTF-8" standalone="yes"?><!DOCTYPE report PUBLIC "-//JACOCO//DTD Report 1.1//EN" "report.dtd"><report name="Assignmentcoen6761"><sessioninfo id="Vishnu-1354d6d0" start="1739504865617" dump="1739504866737"/><sessioninfo id="Vishnu-1df7db73" start="1739505943869" dump="1739505945028"/><sessioninfo id="Vishnu-9981ede5" start="1739583071841" dump="1739583073119"/><sessioninfo id="Teja-5709608" start="1739584742375" dump="1739584744142"/><sessioninfo id="Teja-6333c36c" start="1739585483231" dump="1739585484610"/><sessioninfo id="Vishnu-aef53ed7" start="1739589890003" dump="1739589891224"/><package name="Assignment01/Assignmentcoen6761"><class name="Assignment01/Assignmentcoen6761/Solution" sourcefilename="Solution.java"><method name="&lt;init&gt;" desc="()V" line="8"><counter type="INSTRUCTION" missed="0" covered="3"/><counter type="LINE" missed="0" covered="1"/><counter type="COMPLEXITY" missed="0" covered="1"/><counter type="METHOD" missed="0" covered="1"/></method><method name="findOrder" desc="(I[[I)[I" line="11"><counter type="INSTRUCTION" missed="10" covered="166"/><counter type="BRANCH" missed="4" covered="24"/><counter type="LINE" missed="2" covered="33"/><counter type="COMPLEXITY" missed="4" covered="11"/><counter type="METHOD" missed="0" covered="1"/></method><method name="lambda$findOrder$0" desc="([II)Z" line="50"><counter type="INSTRUCTION" missed="0" covered="8"/><counter type="BRANCH" missed="0" covered="2"/><counter type="LINE" missed="0" covered="1"/><counter type="COMPLEXITY" missed="0" covered="2"/><counter type="METHOD" missed="0" covered="1"/></method><counter type="INSTRUCTION" missed="10" covered="177"/><counter type="BRANCH" missed="4" covered="26"/><counter type="LINE" missed="2" covered="34"/><counter type="COMPLEXITY" missed="4" covered="14"/><counter type="METHOD" missed="0" covered="3"/><counter type="CLASS" missed="0" covered="1"/></class><sourcefile name="Solution.java"><line nr="8" mi="0" ci="3" mb="0" cb="0"/><line nr="11" mi="0" ci="2" mb="0" cb="2"/><line nr="12" mi="0" ci="5" mb="0" cb="0"/><line nr="14" mi="0" ci="2" mb="0" cb="2"/><line nr="15" mi="0" ci="5" mb="0" cb="0"/><line nr="18" mi="0" ci="4" mb="0" cb="0"/><line nr="19" mi="0" ci="3" mb="0" cb="0"/><line nr="20" mi="0" ci="3" mb="0" cb="0"/><line nr="22" mi="0" ci="7" mb="0" cb="2"/><line nr="23" mi="0" ci="6" mb="0" cb="0"/><line nr="27" mi="0" ci="16" mb="0" cb="2"/><line nr="28" mi="0" ci="4" mb="1" cb="1"/><line nr="29" mi="5" ci="0" mb="0" cb="0"/><line nr="31" mi="0" ci="4" mb="0" cb="0"/><line nr="32" mi="0" ci="4" mb="0" cb="0"/><line nr="35" mi="0" ci="10" mb="2" cb="6"/><line nr="36" mi="0" ci="5" mb="0" cb="0"/><line nr="40" mi="0" ci="3" mb="0" cb="2"/><line nr="41" mi="0" ci="5" mb="0" cb="0"/><line nr="44" mi="0" ci="7" mb="0" cb="0"/><line nr="45" mi="0" ci="7" mb="0" cb="0"/><line nr="49" mi="0" ci="5" mb="0" cb="0"/><line nr="50" mi="0" ci="9" mb="0" cb="2"/><line nr="51" mi="0" ci="2" mb="0" cb="0"/><line nr="52" mi="0" ci="4" mb="0" cb="0"/><line nr="54" mi="0" ci="3" mb="0" cb="2"/><line nr="55" mi="0" ci="5" mb="0" cb="0"/><line nr="56" mi="0" ci="5" mb="0" cb="0"/><line nr="57" mi="0" ci="13" mb="0" cb="2"/><line nr="58" mi="0" ci="9" mb="0" cb="2"/><line nr="59" mi="0" ci="5" mb="0" cb="0"/><line nr="61" mi="0" ci="1" mb="0" cb="0"/><line nr="62" mi="0" ci="1" mb="0" cb="0"/><line nr="65" mi="0" ci="4" mb="1" cb="1"/><line nr="66" mi="5" ci="0" mb="0" cb="0"/><line nr="69" mi="0" ci="6" mb="0" cb="0"/><counter type="INSTRUCTION" missed="10" covered="177"/><counter type="BRANCH" missed="4" covered="26"/><counter type="LINE" missed="2" covered="34"/><counter type="COMPLEXITY" missed="4" covered="14"/><counter type="METHOD" missed="0" covered="3"/><counter type="CLASS" missed="0" covered="1"/></sourcefile><counter type="INSTRUCTION" missed="10" covered="177"/><counter type="BRANCH" missed="4" covered="26"/><counter type="LINE" missed="2" covered="34"/><counter type="COMPLEXITY" missed="4" covered="14"/><counter type="METHOD" missed="0" covered="3"/><counter type="CLASS" missed="0" covered="1"/></package><counter type="INSTRUCTION" missed="10" covered="177"/><counter type="BRANCH" missed="4" covered="26"/><counter type="LINE" missed="2" covered="34"/><counter type="COMPLEXITY" missed="4" covered="14"/><counter type="METHOD" missed="0" covered="3"/><counter type="CLASS" missed="0" covered="1"/></report>