<?xml version="1.0" encoding="UTF-8"?>
<testsuite xmlns:xsi="http://www.w3.org/2001/XMLSchema-instance" xsi:noNamespaceSchemaLocation="https://maven.apache.org/surefire/maven-surefire-plugin/xsd/surefire-test-report.xsd" version="3.0.2" name="Assignment01.Assignmentcoen6761.SolutionTest" time="0.278" tests="15" errors="0" skipped="0" failures="0">
  <properties>
[...]
</properties>
  <testcase name="testFindOrder(String, String, String, String, String)[1]" classname="Assignment01.Assignmentcoen6761.SolutionTest" time="0.041"/>
  <testcase name="testFindOrder(String, String, String, String, String)[2]" classname="Assignment01.Assignmentcoen6761.SolutionTest" time="0.002"/>
  <testcase name="testFindOrder(String, String, String, String, String)[3]" classname="Assignment01.Assignmentcoen6761.SolutionTest" time="0.002"/>
  <testcase name="testFindOrder(String, String, String, String, String)[4]" classname="Assignment01.Assignmentcoen6761.SolutionTest" time="0.0"/>
  <testcase name="testFindOrder(String, String, String, String, String)[5]" classname="Assignment01.Assignmentcoen6761.SolutionTest" time="0.002"/>
  <testcase name="testFindOrder(String, String, String, String, String)[6]" classname="Assignment01.Assignmentcoen6761.SolutionTest" time="0.002"/>
  <testcase name="testFindOrder(String, String, String, String, String)[7]" classname="Assignment01.Assignmentcoen6761.SolutionTest" time="0.003"/>
  <testcase name="testFindOrder(String, String, String, String, String)[8]" classname="Assignment01.Assignmentcoen6761.SolutionTest" time="0.011"/>
  <testcase name="testFindOrder(String, String, String, String, String)[9]" classname="Assignment01.Assignmentcoen6761.SolutionTest" time="0.002"/>
  <testcase name="testFindOrder(String, String, String, String, String)[10]" classname="Assignment01.Assignmentcoen6761.SolutionTest" time="0.002"/>
  <testcase name="testFindOrder(String, String, String, String, String)[11]" classname="Assignment01.Assignmentcoen6761.SolutionTest" time="0.001"/>
  <testcase name="testFindOrder(String, String, String, String, String)[12]" classname="Assignment01.Assignmentcoen6761.SolutionTest" time="0.001"/>
  <testcase name="testFindOrder(String, String, String, String, String)[13]" classname="Assignment01.Assignmentcoen6761.SolutionTest" time="0.0"/>
  <testcase name="testFindOrder(String, String, String, String, String)[14]" classname="Assignment01.Assignmentcoen6761.SolutionTest" time="0.001"/>
  <testcase name="testFindOrder(String, String, String, String, String)[15]" classname="Assignment01.Assignmentcoen6761.SolutionTest" time="0.001"/>
</testsuite>